2025-03-11 13:29:09,211 :INFO : login_test.py : test_logout :Logged out successfully
2025-03-11 14:10:43,486 :INFO : login_test.py : test_logout :Logged out successfully
2025-03-11 15:00:24,109 :INFO : logout_test.py : test_logout :Logged out successfully
2025-03-15 15:45:20,426 :INFO : logout_test.py : test_logout :Logged out successfully
2025-03-15 15:45:52,827 :INFO : logout_test.py : test_logout :Logged out successfully
2025-03-15 16:24:20,129 :INFO : logout_test.py : test_logout :Logged out successfully
2025-03-15 16:25:03,375 :INFO : logout_test.py : test_logout :Logged out successfully
2025-03-15 16:25:23,410 :INFO : logout_test.py : test_logout :Logged out successfully
2025-03-15 16:25:59,581 :INFO : logout_test.py : test_logout :Logged out successfully
2025-03-15 16:26:01,314 :INFO : logout_test.py : test_invalid_login :Invalid credentials
2025-03-15 16:26:20,884 :INFO : logout_test.py : test_logout :Logged out successfully
2025-03-15 16:26:22,738 :INFO : logout_test.py : test_invalid_login :Invalid credentials
2025-03-15 16:28:00,372 :INFO : logout_test.py : test_logout :Logged out successfully
2025-03-15 16:28:03,252 :INFO : logout_test.py : test_invalid_login :Invalid credentials
2025-03-15 16:31:52,473 :INFO : logout_test.py : test_invalid_login :Invalid credentials
2025-03-15 16:40:29,649 :INFO : logout_test.py : test_logout :Logged out successfully
2025-03-15 16:42:32,567 :INFO : logout_test.py : test_logout :Logged out successfully
2025-03-15 16:42:35,488 :INFO : logout_test.py : test_invalid_login :Invalid credentials
2025-03-15 16:48:22,141 :INFO : logout_test.py : test_logout :Logged out successfully
2025-03-15 16:48:24,727 :INFO : logout_test.py : test_invalid_login :Invalid credentials
2025-03-15 16:48:55,116 :INFO : logout_test.py : test_logout :Logged out successfully
2025-03-15 16:48:57,994 :INFO : logout_test.py : test_invalid_login :Invalid credentials
2025-03-15 16:49:40,751 :INFO : logout_test.py : test_logout :Logged out successfully
2025-03-15 16:50:05,444 :INFO : logout_test.py : test_logout :Logged out successfully
2025-03-15 16:51:59,457 :INFO : logout_test.py : test_logout :Logged out successfully
2025-03-15 16:53:02,628 :INFO : logout_test.py : test_logout :Logged out successfully
2025-03-15 16:53:05,334 :INFO : logout_test.py : test_invalid_login :Invalid credentials
2025-03-15 16:53:47,300 :INFO : logout_test.py : test_logout :Logged out successfully
2025-03-15 16:53:50,257 :INFO : logout_test.py : test_invalid_login :Invalid credentials
2025-03-15 16:56:05,315 :INFO : logout_test.py : test_logout :Logged out successfully
2025-03-15 16:56:08,130 :INFO : logout_test.py : test_invalid_login :Invalid credentials
2025-03-15 16:59:13,267 :INFO : logout_test.py : test_logout :Logged out successfully
2025-03-15 16:59:15,802 :INFO : logout_test.py : test_invalid_login :Invalid credentials
2025-03-15 17:01:18,684 :INFO : logout_test.py : test_logout :Logged out successfully
2025-03-15 17:01:21,326 :INFO : logout_test.py : test_invalid_login :Invalid credentials
2025-03-15 17:05:23,256 :INFO : logout_test.py : test_logout :Logged out successfully
2025-03-15 17:05:25,878 :INFO : logout_test.py : test_invalid_login :Invalid credentials
2025-03-15 17:07:37,487 :INFO : logout_test.py : test_logout :Logged out successfully
2025-03-15 17:07:40,130 :INFO : logout_test.py : test_invalid_login :Invalid credentials
2025-03-15 17:12:54,129 :INFO : logout_test.py : test_logout :Logged out successfully
2025-03-15 17:12:56,808 :INFO : logout_test.py : test_invalid_login :Invalid credentials
2025-03-15 17:13:30,785 :INFO : logout_test.py : test_logout :Logged out successfully
2025-03-15 17:13:33,287 :INFO : logout_test.py : test_invalid_login :Invalid credentials
2025-03-15 17:14:24,291 :INFO : logout_test.py : test_logout :Logged out successfully
2025-03-15 17:14:26,813 :INFO : logout_test.py : test_invalid_login :Invalid credentials
2025-03-15 17:15:07,299 :INFO : logout_test.py : test_logout :Logged out successfully
2025-03-15 17:15:08,176 :INFO : logout_test.py : test_invalid_login :admi
2025-03-15 17:15:09,988 :INFO : logout_test.py : test_invalid_login :Invalid credentials
2025-04-02 19:00:17,720 :INFO : logout_test.py : test_logout :Logged out successfully
2025-04-02 19:00:18,692 :INFO : logout_test.py : test_invalid_login :admi
2025-04-02 19:00:20,394 :INFO : logout_test.py : test_invalid_login :Invalid credentials
2025-04-02 19:30:35,345 :INFO : logout_test.py : test_logout :Logged out successfully
2025-04-02 19:30:36,310 :INFO : logout_test.py : test_invalid_login :admi
2025-04-02 19:30:38,070 :INFO : logout_test.py : test_invalid_login :Invalid credentials
2025-04-21 17:12:16,294 :INFO : logout_test.py : test_logout :Logged out successfully
2025-04-21 17:12:17,155 :INFO : logout_test.py : test_invalid_login :admi
2025-04-21 17:12:18,741 :INFO : logout_test.py : test_invalid_login :Invalid credentials
2025-04-21 17:12:55,297 :INFO : logout_test.py : test_logout :Logged out successfully
2025-04-21 17:12:56,104 :INFO : logout_test.py : test_invalid_login :admi
2025-04-21 17:12:57,676 :INFO : logout_test.py : test_invalid_login :Invalid credentials
2025-04-24 22:10:39,145 :INFO : logout_test.py : test_logout :Logged out successfully
2025-04-24 22:11:33,273 :INFO : logout_test.py : test_logout :Logged out successfully
2025-04-24 22:16:34,984 :INFO : logout_test.py : test_logout :Logged out successfully
2025-04-24 22:16:35,908 :INFO : logout_test.py : test_invalid_login :admi
2025-04-24 22:16:37,743 :INFO : logout_test.py : test_invalid_login :Invalid credentials
2025-04-28 13:58:24,196 :INFO : logout_test.py : test_logout :Logged out successfully
2025-04-28 13:58:25,024 :INFO : logout_test.py : test_invalid_login :admi
2025-04-28 13:58:26,817 :INFO : logout_test.py : test_invalid_login :Invalid credentials
2025-04-29 23:01:53,182 :INFO : logout_test.py : test_logout :Logged out successfully
2025-05-01 15:08:59,509 :INFO : logout_test.py : test_logout :Logged out successfully
2025-05-01 15:10:33,612 :INFO : logout_test.py : test_logout :Logged out successfully
2025-05-01 15:15:31,698 :INFO : logout_test.py : test_logout :Logged out successfully
2025-05-01 15:16:14,692 :INFO : logout_test.py : test_logout :Logged out successfully
2025-05-01 15:17:37,261 :INFO : logout_test.py : test_logout :Logged out successfully
2025-05-04 15:12:07,813 :INFO : login_logout_test.py : test_logout :Test case 1: Verify if user is aable to log out.
2025-05-04 15:12:10,306 :INFO : login_logout_test.py : test_logout :Logged out successfully
2025-05-04 15:12:11,400 :INFO : login_logout_test.py : test_invalid_login :admi
2025-05-04 15:12:13,341 :INFO : login_logout_test.py : test_invalid_login :The Validation message after wrong Password :Invalid credentials
2025-05-04 15:17:38,149 :INFO : login_logout_test.py : test_logout :Test case 1: Verify if user is able to log out.
2025-05-04 15:17:40,416 :INFO : login_logout_test.py : test_logout :Logged out successfully
2025-05-04 15:17:41,404 :INFO : login_logout_test.py : test_invalid_login :admi
2025-05-04 15:17:43,107 :INFO : login_logout_test.py : test_invalid_login :The Validation message after wrong Password :Invalid credentials
2025-05-04 15:19:27,386 :INFO : login_logout_test.py : test_logout :Test case 1: Verify if user is able to log out.
2025-05-04 15:19:30,420 :INFO : login_logout_test.py : test_logout :Logged out successfully
2025-05-04 15:19:31,466 :INFO : login_logout_test.py : test_invalid_login :admi
2025-05-04 15:19:33,295 :INFO : login_logout_test.py : test_invalid_login :The Validation message after wrong Password :Invalid credentials
2025-05-04 15:29:00,781 :INFO : login_logout_test.py : test_logout :Test case 1: Verify if user is able to log out.
2025-05-04 15:29:04,714 :INFO : login_logout_test.py : test_logout :Logged out successfully
2025-05-04 15:29:05,725 :INFO : login_logout_test.py : test_invalid_login :admi
2025-05-04 15:29:07,609 :INFO : login_logout_test.py : test_invalid_login :The Validation message after wrong Password :Invalid credentials
2025-05-04 15:56:57,837 :INFO : login_logout_test.py : test_logout :Test case 1: Verify if user is able to log out.
2025-05-04 15:56:59,904 :INFO : login_logout_test.py : test_logout :Logged out successfully
2025-05-04 15:57:00,792 :INFO : login_logout_test.py : test_invalid_login :admi
2025-05-04 15:57:02,578 :INFO : login_logout_test.py : test_invalid_login :The Validation message after wrong Password :Invalid credentials
2025-05-04 16:15:26,076 :INFO : login_logout_test.py : test_logout :Test case 1: Verify if user is able to log out.
2025-05-04 16:15:28,521 :INFO : login_logout_test.py : test_logout :Logged out successfully
2025-05-04 16:15:29,421 :INFO : login_logout_test.py : test_invalid_login :admi
2025-05-04 16:15:31,078 :INFO : login_logout_test.py : test_invalid_login :The Validation message after wrong Password :Invalid credentials
2025-05-04 16:30:00,661 :INFO : login_logout_test.py : test_logout :Test case 1: Verify if user is able to log out.
2025-05-04 16:30:03,776 :INFO : login_logout_test.py : test_logout :Logged out successfully
2025-05-04 16:30:04,714 :INFO : login_logout_test.py : test_invalid_login :admi
2025-05-04 16:30:06,478 :INFO : login_logout_test.py : test_invalid_login :The Validation message after wrong Password :Invalid credentials
2025-05-04 16:31:13,122 :INFO : login_logout_test.py : test_logout :Test case 1: Verify if user is able to log out.
2025-05-04 16:31:15,989 :INFO : login_logout_test.py : test_logout :Logged out successfully
2025-05-04 16:31:16,923 :INFO : login_logout_test.py : test_invalid_login :admi
2025-05-04 16:31:18,737 :INFO : login_logout_test.py : test_invalid_login :The Validation message after wrong Password :Invalid credentials
2025-05-04 16:36:14,391 :INFO : login_logout_test.py : test_logout :Test case 1: Verify if user is able to log out.
2025-05-04 16:36:16,742 :INFO : login_logout_test.py : test_logout :Logged out successfully
2025-05-04 16:36:17,662 :INFO : login_logout_test.py : test_invalid_login :admi
2025-05-04 16:36:19,433 :INFO : login_logout_test.py : test_invalid_login :The Validation message after wrong Password :Invalid credentials
2025-06-04 21:50:06,890 :INFO : login_logout_test.py : test_logout :Test case 1: Verify if user is able to log out.
2025-06-04 21:50:09,568 :INFO : login_logout_test.py : test_logout :Logged out successfully
2025-06-04 21:50:10,593 :INFO : login_logout_test.py : test_invalid_login :admi
2025-06-04 21:50:12,523 :INFO : login_logout_test.py : test_invalid_login :The Validation message after wrong Password :Invalid credentials
2025-06-04 21:50:52,821 :INFO : login_logout_test.py : test_logout :Test case 1: Verify if user is able to log out.
2025-06-04 21:51:13,922 :INFO : login_logout_test.py : test_logout :Logged out successfully
2025-06-04 21:51:15,324 :INFO : login_logout_test.py : test_invalid_login :admi
2025-06-04 21:51:17,196 :INFO : login_logout_test.py : test_invalid_login :The Validation message after wrong Password :Invalid credentials
2025-06-04 21:51:46,104 :INFO : login_logout_test.py : test_logout :Test case 1: Verify if user is able to log out.
2025-06-04 21:51:49,254 :INFO : login_logout_test.py : test_logout :Logged out successfully
2025-06-04 21:51:50,519 :INFO : login_logout_test.py : test_invalid_login :admi
2025-06-04 21:51:53,107 :INFO : login_logout_test.py : test_invalid_login :The Validation message after wrong Password :Invalid credentials
2025-06-04 21:54:44,361 :INFO : login_logout_test.py : test_logout :Test case 1: Verify if user is able to log out.
2025-06-04 21:54:46,501 :INFO : login_logout_test.py : test_logout :Logged out successfully
2025-06-04 21:54:48,172 :INFO : login_logout_test.py : test_invalid_login :admi
2025-06-04 21:55:23,693 :INFO : login_logout_test.py : test_logout :Test case 1: Verify if user is able to log out.
2025-06-04 21:55:25,944 :INFO : login_logout_test.py : test_logout :Logged out successfully
2025-06-04 21:55:27,545 :INFO : login_logout_test.py : test_invalid_login :admi
2025-06-04 21:55:58,351 :INFO : login_logout_test.py : test_logout :Test case 1: Verify if user is able to log out.
2025-06-04 21:56:02,123 :INFO : login_logout_test.py : test_logout :Logged out successfully
2025-06-04 21:56:03,702 :INFO : login_logout_test.py : test_invalid_login :admi
2025-06-04 21:56:55,123 :INFO : login_logout_test.py : test_logout :Test case 1: Verify if user is able to log out.
2025-06-04 21:56:58,971 :INFO : login_logout_test.py : test_logout :Logged out successfully
2025-06-04 21:57:00,165 :INFO : login_logout_test.py : test_invalid_login :admi
2025-06-04 21:57:02,792 :INFO : login_logout_test.py : test_invalid_login :The Validation message after wrong Password :Invalid credentials
2025-06-04 22:34:04,856 :INFO : login_logout_test.py : test_logout :Test case 1: Verify if user is able to log out.
2025-06-04 22:34:06,940 :INFO : login_logout_test.py : test_logout :Logged out successfully
2025-06-04 22:34:07,795 :INFO : login_logout_test.py : test_invalid_login :admi
2025-06-04 22:34:09,597 :INFO : login_logout_test.py : test_invalid_login :The Validation message after wrong Password :Invalid credentials
2025-06-04 22:34:59,054 :INFO : login_logout_test.py : test_logout :Test case 1: Verify if user is able to log out.
2025-06-04 22:35:04,963 :INFO : login_logout_test.py : test_logout :Logged out successfully
2025-06-04 22:35:06,463 :INFO : login_logout_test.py : test_invalid_login :admi
2025-06-04 22:35:09,042 :INFO : login_logout_test.py : test_invalid_login :The Validation message after wrong Password :Invalid credentials
2025-06-04 22:39:36,146 :INFO : login_logout_test.py : test_logout :Test case 1: Verify if user is able to log out.
2025-06-04 22:39:38,492 :INFO : login_logout_test.py : test_logout :Logged out successfully
2025-06-04 22:39:39,436 :INFO : login_logout_test.py : test_invalid_login :admi
2025-06-04 22:39:41,276 :INFO : login_logout_test.py : test_invalid_login :The Validation message after wrong Password :Invalid credentials
2025-07-01 12:02:09,281 :INFO : login_logout_test.py : test_logout :Test case 1: Verify if user is able to log out.
2025-07-01 12:02:17,709 :INFO : login_logout_test.py : test_logout :Logged out successfully
2025-07-01 12:02:20,568 :INFO : login_logout_test.py : test_invalid_login :admi
2025-07-01 12:05:57,893 :INFO : login_logout_test.py : test_logout :Test case 1: Verify if user is able to log out.
2025-07-01 12:06:05,057 :INFO : login_logout_test.py : test_logout :Logged out successfully
2025-07-01 12:06:07,313 :INFO : login_logout_test.py : test_invalid_login :admi
2025-07-01 12:11:15,837 :INFO : login_logout_test.py : test_logout :Test case 1: Verify if user is able to log out.
2025-07-01 12:11:17,919 :INFO : login_logout_test.py : test_logout :Logged out successfully
2025-07-01 12:11:18,922 :INFO : login_logout_test.py : test_invalid_login :admi
2025-07-01 12:11:20,667 :INFO : login_logout_test.py : test_invalid_login :The Validation message after wrong Password :Invalid credentials
2025-07-01 12:18:13,913 :INFO : login_logout_test.py : test_logout :Test case 1: Verify if user is able to log out.
2025-07-01 12:18:16,323 :INFO : login_logout_test.py : test_logout :Logged out successfully
2025-07-01 12:18:17,341 :INFO : login_logout_test.py : test_invalid_login :admi
2025-07-01 12:18:19,135 :INFO : login_logout_test.py : test_invalid_login :The Validation message after wrong Password :Invalid credentials
2025-07-01 13:40:18,647 :INFO : login_logout_test.py : test_logout :Test case 1: Verify if user is able to log out.
2025-07-01 13:40:23,669 :INFO : login_logout_test.py : test_logout :Logged out successfully
2025-07-01 13:40:25,478 :INFO : login_logout_test.py : test_invalid_login :admi
2025-07-01 13:40:28,770 :INFO : login_logout_test.py : test_invalid_login :The Validation message after wrong Password :Invalid credentials
2025-07-01 13:47:53,068 :INFO : login_logout_test.py : test_logout :Test case 1: Verify if user is able to log out.
2025-07-01 13:47:57,883 :INFO : login_logout_test.py : test_logout :Logged out successfully
2025-07-01 13:47:59,614 :INFO : login_logout_test.py : test_invalid_login :admi
2025-07-01 13:48:02,617 :INFO : login_logout_test.py : test_invalid_login :The Validation message after wrong Password :Invalid credentials
2025-07-01 13:57:07,475 :INFO : login_logout_test.py : test_logout :Test case 1: Verify if user is able to log out.
2025-07-01 13:57:12,854 :INFO : login_logout_test.py : test_logout :Logged out successfully
2025-07-01 13:57:14,590 :INFO : login_logout_test.py : test_invalid_login :admi
2025-07-01 13:57:17,923 :INFO : login_logout_test.py : test_invalid_login :The Validation message after wrong Password :Invalid credentials
